{"/Users/Ragglesoft/Desktop/Rithm/week8/Week8-day2/react-state-carousel-coins/carousel/src/Card.js": {"path":"/Users/Ragglesoft/Desktop/Rithm/week8/Week8-day2/react-state-carousel-coins/carousel/src/Card.js","statementMap":{"0":{"start":{"line":18,"column":2},"end":{"line":26,"column":4}}},"fnMap":{"0":{"name":"Card","decl":{"start":{"line":17,"column":9},"end":{"line":17,"column":13}},"loc":{"start":{"line":17,"column":21},"end":{"line":27,"column":1}},"line":17}},"branchMap":{},"s":{"0":9},"f":{"0":9},"b":{},"_coverageSchema":"43e27e138ebf9cfc5966b082cf9a028302ed4184","hash":"39188e2ec1c9561085cf3c2d6a2ecef94ae64f18"}
,"/Users/Ragglesoft/Desktop/Rithm/week8/Week8-day2/react-state-carousel-coins/carousel/src/Carousel.js": {"path":"/Users/Ragglesoft/Desktop/Rithm/week8/Week8-day2/react-state-carousel-coins/carousel/src/Carousel.js","statementMap":{"0":{"start":{"line":24,"column":32},"end":{"line":24,"column":43}},"1":{"start":{"line":25,"column":15},"end":{"line":25,"column":38}},"2":{"start":{"line":26,"column":16},"end":{"line":26,"column":37}},"3":{"start":{"line":27,"column":20},"end":{"line":27,"column":49}},"4":{"start":{"line":27,"column":26},"end":{"line":27,"column":49}},"5":{"start":{"line":29,"column":2},"end":{"line":43,"column":4}},"6":{"start":{"line":46,"column":0},"end":{"line":62,"column":2}}},"fnMap":{"0":{"name":"Carousel","decl":{"start":{"line":23,"column":9},"end":{"line":23,"column":17}},"loc":{"start":{"line":23,"column":25},"end":{"line":44,"column":1}},"line":23},"1":{"name":"(anonymous_1)","decl":{"start":{"line":27,"column":20},"end":{"line":27,"column":21}},"loc":{"start":{"line":27,"column":26},"end":{"line":27,"column":49}},"line":27}},"branchMap":{},"s":{"0":6,"1":6,"2":6,"3":6,"4":2,"5":6,"6":1},"f":{"0":6,"1":2},"b":{},"_coverageSchema":"43e27e138ebf9cfc5966b082cf9a028302ed4184","hash":"615db700f9f2cb20c02bf61521914cc9eb4b173e"}
}
